2021-07-16 12:27:20,850:WARNING:discord.client: PyNaCl is not installed, voice will NOT be supported
2021-07-16 12:27:20,868:DEBUG:discord.client: on_ready has successfully been registered as an event
2021-07-16 12:27:20,868:DEBUG:discord.client: on_raw_reaction_add has successfully been registered as an event
2021-07-16 12:27:20,868:INFO:discord.client: logging in using static token
2021-07-16 12:27:21,224:DEBUG:discord.http: GET https://discord.com/api/v7/users/@me with None has returned 200
2021-07-16 12:27:21,239:DEBUG:discord.http: GET https://discord.com/api/v7/users/@me has received {'id': '859421587193987123', 'username': 'Cartel', 'avatar': 'f73cb894a3f17efe1611195e9b0ac773', 'discriminator': '2892', 'public_flags': 0, 'flags': 0, 'bot': True, 'banner': None, 'banner_color': None, 'bio': '', 'locale': 'en-US', 'mfa_enabled': True, 'email': None, 'verified': True}
2021-07-16 12:27:21,303:DEBUG:discord.http: GET https://discord.com/api/v7/gateway with None has returned 200
2021-07-16 12:27:21,303:DEBUG:discord.http: GET https://discord.com/api/v7/gateway has received {'url': 'wss://gateway.discord.gg'}
2021-07-16 12:27:21,809:DEBUG:discord.gateway: Created websocket connected to wss://gateway.discord.gg?encoding=json&v=6&compress=zlib-stream
2021-07-16 12:27:21,809:DEBUG:discord.client: Dispatching event socket_raw_receive
2021-07-16 12:27:21,825:DEBUG:discord.gateway: For Shard ID None: WebSocket Event: {'t': None, 's': None, 'op': 10, 'd': {'heartbeat_interval': 41250, '_trace': ['["gateway-prd-main-rfkq",{"micros":0.0}]']}}
2021-07-16 12:27:21,825:DEBUG:discord.client: Dispatching event socket_response
2021-07-16 12:27:21,826:DEBUG:discord.client: Dispatching event socket_raw_send
2021-07-16 12:27:21,827:DEBUG:discord.client: Dispatching event socket_raw_send
2021-07-16 12:27:21,827:INFO:discord.gateway: Shard ID None has sent the IDENTIFY payload.
2021-07-16 12:27:22,466:DEBUG:discord.client: Dispatching event socket_raw_receive
2021-07-16 12:27:22,467:DEBUG:discord.gateway: For Shard ID None: WebSocket Event: {'t': None, 's': None, 'op': 11, 'd': None}
2021-07-16 12:27:22,467:DEBUG:discord.client: Dispatching event socket_response
2021-07-16 12:27:22,468:DEBUG:discord.client: Dispatching event socket_raw_receive
2021-07-16 12:27:22,468:DEBUG:discord.gateway: For Shard ID None: WebSocket Event: {'t': 'READY', 's': 1, 'op': 0, 'd': {'v': 6, 'user_settings': {}, 'user': {'verified': True, 'username': 'Cartel', 'mfa_enabled': True, 'id': '859421587193987123', 'flags': 0, 'email': None, 'discriminator': '2892', 'bot': True, 'avatar': 'f73cb894a3f17efe1611195e9b0ac773'}, 'session_id': 'a6068fb74b9316ad69b49087255e58e5', 'relationships': [], 'private_channels': [], 'presences': [], 'guilds': [{'unavailable': True, 'id': '859420793892896798'}], 'guild_join_requests': [], 'geo_ordered_rtc_regions': ['europe', 'russia', 'us-east', 'india', 'us-central'], 'application': {'id': '859421587193987123', 'flags': 262144}, '_trace': ['["gateway-prd-main-rfkq",{"micros":49261,"calls":["discord-sessions-green-prd-2-134",{"micros":47971,"calls":["start_session",{"micros":30846,"calls":["api-prd-main-pdkv",{"micros":28131,"calls":["get_user",{"micros":2239},"add_authorized_ip",{"micros":1335},"get_guilds",{"micros":7286},"coros_wait",{"micros":1}]}]},"guilds_connect",{"micros":1,"calls":[]},"presence_connect",{"micros":1,"calls":[]}]}]}]']}}
2021-07-16 12:27:22,468:DEBUG:discord.client: Dispatching event socket_response
2021-07-16 12:27:22,468:INFO:discord.gateway: Shard ID None has connected to Gateway: ["gateway-prd-main-rfkq",{"micros":49261,"calls":["discord-sessions-green-prd-2-134",{"micros":47971,"calls":["start_session",{"micros":30846,"calls":["api-prd-main-pdkv",{"micros":28131,"calls":["get_user",{"micros":2239},"add_authorized_ip",{"micros":1335},"get_guilds",{"micros":7286},"coros_wait",{"micros":1}]}]},"guilds_connect",{"micros":1,"calls":[]},"presence_connect",{"micros":1,"calls":[]}]}]}] (Session ID: a6068fb74b9316ad69b49087255e58e5).
2021-07-16 12:27:22,469:DEBUG:discord.client: Dispatching event connect
2021-07-16 12:27:22,469:DEBUG:discord.client: Dispatching event socket_raw_receive
2021-07-16 12:27:22,469:DEBUG:discord.gateway: For Shard ID None: WebSocket Event: {'t': 'GUILD_CREATE', 's': 2, 'op': 0, 'd': {'splash': None, 'premium_subscription_count': 0, 'lazy': True, 'large': False, 'name': 'Discord Dev Server', 'premium_tier': 0, 'banner': None, 'description': None, 'max_members': 100000, 'mfa_level': 0, 'members': [{'user': {'username': 'Cartel', 'id': '859421587193987123', 'discriminator': '2892', 'bot': True, 'avatar': 'f73cb894a3f17efe1611195e9b0ac773'}, 'roles': ['859422891485691965'], 'mute': False, 'joined_at': '2021-06-29T13:19:44.680000+00:00', 'hoisted_role': None, 'deaf': False}], 'discovery_splash': None, 'system_channel_flags': 0, 'icon': '167da12983da8af5f8f7aadd0b897970', 'stickers': [], 'emojis': [], 'nsfw': False, 'voice_states': [], 'channels': [{'type': 0, 'topic': None, 'rate_limit_per_user': 0, 'position': 7, 'permission_overwrites': [{'type': 'role', 'id': '859910774524084224', 'deny_new': '2048', 'deny': 2048, 'allow_new': '66560', 'allow': 66560}], 'parent_id': '859490279346143242', 'name': 'wout-bot', 'last_message_id': '860121754894336020', 'id': '859425275606859786'}, {'type': 4, 'position': 1, 'permission_overwrites': [{'type': 'role', 'id': '859910774524084224', 'deny_new': '2048', 'deny': 2048, 'allow_new': '66560', 'allow': 66560}], 'name': 'bram', 'id': '859441853379379250'}, {'type': 0, 'topic': None, 'rate_limit_per_user': 0, 'position': 4, 'permission_overwrites': [{'type': 'role', 'id': '859910774524084224', 'deny_new': '2048', 'deny': 2048, 'allow_new': '66560', 'allow': 66560}], 'parent_id': '859441853379379250', 'name': 'logs', 'last_message_id': '861544549502943232', 'id': '859442000255123476'}, {'type': 4, 'position': 2, 'permission_overwrites': [{'type': 'role', 'id': '859910774524084224', 'deny_new': '2048', 'deny': 2048, 'allow_new': '66560', 'allow': 66560}], 'name': 'tickets', 'id': '859442055867793438'}, {'type': 0, 'topic': None, 'rate_limit_per_user': 0, 'position': 0, 'permission_overwrites': [{'type': 'role', 'id': '859420793892896798', 'deny_new': '1024', 'deny': 1024, 'allow_new': '2048', 'allow': 2048}, {'type': 'role', 'id': '859724691643039774', 'deny_new': '0', 'deny': 0, 'allow_new': '3072', 'allow': 3072}, {'type': 'role', 'id': '859910774524084224', 'deny_new': '2048', 'deny': 2048, 'allow_new': '66560', 'allow': 66560}], 'parent_id': '859441853379379250', 'name': 'lockdown-test', 'last_message_id': '860511981118816316', 'id': '859447364951343124'}, {'type': 4, 'position': 3, 'permission_overwrites': [{'type': 'role', 'id': '859910774524084224', 'deny_new': '2048', 'deny': 2048, 'allow_new': '66560', 'allow': 66560}], 'name': 'Aaron', 'id': '859469832457420821'}, {'type': 0, 'topic': None, 'rate_limit_per_user': 0, 'position': 5, 'permission_overwrites': [{'type': 'role', 'id': '859910774524084224', 'deny_new': '2048', 'deny': 2048, 'allow_new': '66560', 'allow': 66560}], 'parent_id': '859469832457420821', 'name': 'random-shit', 'last_message_id': '860121753275596821', 'id': '859469865344696330'}, {'type': 0, 'topic': None, 'rate_limit_per_user': 0, 'position': 6, 'permission_overwrites': [{'type': 'role', 'id': '859910774524084224', 'deny_new': '2048', 'deny': 2048, 'allow_new': '66560', 'allow': 66560}], 'parent_id': '859469832457420821', 'name': 'logs', 'last_message_id': '860121754125729792', 'id': '859469882244857886'}, {'type': 0, 'topic': None, 'rate_limit_per_user': 0, 'position': 3, 'permission_overwrites': [{'type': 'role', 'id': '859910774524084224', 'deny_new': '2048', 'deny': 2048, 'allow_new': '66560', 'allow': 66560}], 'parent_id': '859441853379379250', 'name': 'support', 'last_message_id': '864106252678201365', 'id': '859486071871111189'}, {'type': 4, 'position': 4, 'permission_overwrites': [{'type': 'role', 'id': '859910774524084224', 'deny_new': '2048', 'deny': 2048, 'allow_new': '66560', 'allow': 66560}], 'name': 'Wout', 'id': '859490279346143242'}, {'type': 0, 'topic': None, 'rate_limit_per_user': 0, 'position': 8, 'permission_overwrites': [{'type': 'role', 'id': '859910774524084224', 'deny_new': '2048', 'deny': 2048, 'allow_new': '66560', 'allow': 66560}], 'parent_id': '859490279346143242', 'name': 'tickets', 'last_message_id': '860121755687190528', 'id': '859490332973334558'}, {'type': 0, 'topic': None, 'rate_limit_per_user': 0, 'position': 2, 'permission_overwrites': [{'type': 'role', 'id': '859724691643039774', 'deny_new': '0', 'deny': 0, 'allow_new': '2048', 'allow': 2048}, {'type': 'role', 'id': '859910774524084224', 'deny_new': '2048', 'deny': 2048, 'allow_new': '66560', 'allow': 66560}], 'parent_id': '859441853379379250', 'nsfw': False, 'name': 'general', 'last_message_id': '865538441571336202', 'id': '859725386576953364'}, {'type': 0, 'topic': None, 'rate_limit_per_user': 0, 'position': 1, 'permission_overwrites': [{'type': 'role', 'id': '859910774524084224', 'deny_new': '2048', 'deny': 2048, 'allow_new': '66560', 'allow': 66560}], 'parent_id': '859441853379379250', 'name': 'announcement', 'last_message_id': '860122101889761290', 'id': '860117203683770399'}], 'unavailable': False, 'region': 'europe', 'features': [], 'verification_level': 0, 'afk_channel_id': None, 'threads': [], 'owner_id': '574958028651233281', 'default_message_notifications': 1, 'preferred_locale': 'en-US', 'system_channel_id': None, 'stage_instances': [], 'max_video_channel_users': 25, 'id': '859420793892896798', 'roles': [{'position': 0, 'permissions_new': '109625986625', 'permissions': 104320577, 'name': '@everyone', 'mentionable': False, 'managed': False, 'id': '859420793892896798', 'hoist': False, 'color': 0}, {'position': 6, 'permissions_new': '109630180937', 'permissions': 108514889, 'name': '*', 'mentionable': False, 'managed': False, 'id': '859421269991620617', 'hoist': False, 'color': 0}, {'tags': {'bot_id': '859421587193987123'}, 'position': 5, 'permissions_new': '8', 'permissions': 8, 'name': 'Cartel', 'mentionable': False, 'managed': True, 'id': '859422891485691965', 'hoist': False, 'color': 0}, {'tags': {'bot_id': '856630595227877427'}, 'position': 4, 'permissions_new': '8', 'permissions': 8, 'name': 'FalconBot', 'mentionable': False, 'managed': True, 'id': '859442609419845693', 'hoist': False, 'color': 0}, {'position': 3, 'permissions_new': '109625986625', 'permissions': 104320577, 'name': 'Moderator', 'mentionable': False, 'managed': False, 'id': '859444413625008169', 'hoist': True, 'color': 11342935}, {'tags': {'bot_id': '817411480567021598'}, 'position': 2, 'permissions_new': '8', 'permissions': 8, 'name': 'Warden', 'mentionable': False, 'managed': True, 'id': '859718630853705730', 'hoist': False, 'color': 0}, {'position': 1, 'permissions_new': '109625986625', 'permissions': 104320577, 'name': 'Verified', 'mentionable': False, 'managed': False, 'id': '859724691643039774', 'hoist': False, 'color': 0}, {'position': 1, 'permissions_new': '0', 'permissions': 0, 'name': 'Muted', 'mentionable': False, 'managed': False, 'id': '859910774524084224', 'hoist': False, 'color': 0}], 'nsfw_level': 0, 'application_id': None, 'afk_timeout': 300, 'rules_channel_id': None, 'member_count': 11, 'explicit_content_filter': 0, 'vanity_url_code': None, 'presences': [], 'guild_hashes': {'version': 1, 'roles': {'omitted': False, 'hash': 'UIyHZzOgZyk'}, 'metadata': {'omitted': False, 'hash': 'qwre0fJbvy8'}, 'channels': {'omitted': False, 'hash': '02V78nT7Fug'}}, 'application_command_count': 0, 'public_updates_channel_id': None, 'joined_at': '2021-06-29T13:19:44.680000+00:00'}}
2021-07-16 12:27:22,469:DEBUG:discord.client: Dispatching event socket_response
2021-07-16 12:27:22,469:DEBUG:discord.client: Dispatching event guild_available
2021-07-16 12:27:24,470:DEBUG:discord.client: Dispatching event ready
2021-07-16 12:27:33,835:DEBUG:discord.client: Dispatching event socket_raw_receive
2021-07-16 12:27:33,836:DEBUG:discord.gateway: For Shard ID None: WebSocket Event: {'t': 'MESSAGE_CREATE', 's': 3, 'op': 0, 'd': {'type': 0, 'tts': False, 'timestamp': '2021-07-16T10:27:35.365000+00:00', 'referenced_message': None, 'pinned': False, 'nonce': '865540152460574720', 'mentions': [], 'mention_roles': [], 'mention_everyone': False, 'member': {'roles': [], 'mute': False, 'joined_at': '2021-06-29T13:11:24.534000+00:00', 'hoisted_role': None, 'deaf': False}, 'id': '865540161101496330', 'flags': 0, 'embeds': [], 'edited_timestamp': None, 'content': '?whois', 'components': [], 'channel_id': '859725386576953364', 'author': {'username': 'Bram', 'public_flags': 128, 'id': '574958028651233281', 'discriminator': '2698', 'avatar': '61791bfd3f12e81e75708d03dd2cc5fa'}, 'attachments': [], 'guild_id': '859420793892896798'}}
2021-07-16 12:27:33,837:DEBUG:discord.client: Dispatching event socket_response
2021-07-16 12:27:33,838:DEBUG:discord.client: Dispatching event message
2021-07-16 12:27:33,838:DEBUG:discord.client: Dispatching event command
2021-07-16 12:27:34,140:DEBUG:discord.http: POST https://discord.com/api/v7/channels/859725386576953364/messages with {"embed":{"footer":{"text":"Requested by Bram#2698"},"thumbnail":{"url":"https://cdn.discordapp.com/avatars/574958028651233281/61791bfd3f12e81e75708d03dd2cc5fa.webp?size=1024"},"fields":[{"inline":true,"name":"Display Name:","value":"Bram"},{"inline":true,"name":"ID:","value":"574958028651233281"},{"inline":true,"name":"Created Account On:","value":"Mon, 6 May 2019, 01:57 PM UTC"},{"inline":true,"name":"Joined Server On:","value":"Tue, 29 June 2021, 01:11 PM UTC"},{"inline":true,"name":"Roles:","value":""},{"inline":true,"name":"Highest Role:","value":"<@&859420793892896798>"}],"color":11405320,"timestamp":"2021-07-16T10:27:35.365000+00:00","type":"rich","title":"Bram#2698"}} has returned 400
2021-07-16 12:27:34,141:DEBUG:discord.client: Dispatching event command_error
2021-07-16 12:28:03,078:DEBUG:discord.gateway: Keeping shard ID None websocket alive with sequence 3.
2021-07-16 12:28:03,324:DEBUG:discord.client: Dispatching event socket_raw_receive
2021-07-16 12:28:03,326:DEBUG:discord.gateway: For Shard ID None: WebSocket Event: {'t': None, 's': None, 'op': 11, 'd': None}
2021-07-16 12:28:03,326:DEBUG:discord.client: Dispatching event socket_response
2021-07-16 12:28:34,967:DEBUG:discord.client: Dispatching event socket_raw_receive
2021-07-16 12:28:34,969:DEBUG:discord.gateway: For Shard ID None: WebSocket Event: {'t': 'MESSAGE_CREATE', 's': 4, 'op': 0, 'd': {'type': 0, 'tts': False, 'timestamp': '2021-07-16T10:28:36.628000+00:00', 'referenced_message': None, 'pinned': False, 'nonce': '865540409663684608', 'mentions': [], 'mention_roles': [], 'mention_everyone': False, 'member': {'roles': [], 'mute': False, 'joined_at': '2021-06-29T13:11:24.534000+00:00', 'hoisted_role': None, 'deaf': False}, 'id': '865540418058190848', 'flags': 0, 'embeds': [], 'edited_timestamp': None, 'content': '?ping', 'components': [], 'channel_id': '859725386576953364', 'author': {'username': 'Bram', 'public_flags': 128, 'id': '574958028651233281', 'discriminator': '2698', 'avatar': '61791bfd3f12e81e75708d03dd2cc5fa'}, 'attachments': [], 'guild_id': '859420793892896798'}}
2021-07-16 12:28:34,969:DEBUG:discord.client: Dispatching event socket_response
2021-07-16 12:28:34,969:DEBUG:discord.client: Dispatching event message
2021-07-16 12:28:34,969:DEBUG:discord.client: Dispatching event command
2021-07-16 12:28:35,300:DEBUG:discord.client: Dispatching event socket_raw_receive
2021-07-16 12:28:35,300:DEBUG:discord.gateway: For Shard ID None: WebSocket Event: {'t': 'MESSAGE_CREATE', 's': 5, 'op': 0, 'd': {'type': 0, 'tts': False, 'timestamp': '2021-07-16T10:28:37.012000+00:00', 'referenced_message': None, 'pinned': False, 'mentions': [], 'mention_roles': [], 'mention_everyone': False, 'member': {'roles': ['859422891485691965'], 'mute': False, 'joined_at': '2021-06-29T13:19:44.680000+00:00', 'hoisted_role': None, 'deaf': False}, 'id': '865540419667623936', 'flags': 0, 'embeds': [{'type': 'rich', 'title': 'CartePvP | Info', 'thumbnail': {'width': 500, 'url': 'https://cdn.discordapp.com/attachments/807568994202025996/854995835154202644/lg-1.png', 'proxy_url': 'https://media.discordapp.net/attachments/807568994202025996/854995835154202644/lg-1.png', 'height': 500}, 'fields': [{'value': 'Bram#2698', 'name': 'Requested by', 'inline': True}, {'value': '246ms', 'name': 'Latency', 'inline': True}], 'description': 'Ping request', 'color': 11405320}], 'edited_timestamp': None, 'content': '', 'components': [], 'channel_id': '859725386576953364', 'author': {'username': 'Cartel', 'public_flags': 0, 'id': '859421587193987123', 'discriminator': '2892', 'bot': True, 'avatar': 'f73cb894a3f17efe1611195e9b0ac773'}, 'attachments': [], 'guild_id': '859420793892896798'}}
2021-07-16 12:28:35,300:DEBUG:discord.client: Dispatching event socket_response
2021-07-16 12:28:35,300:DEBUG:discord.client: Dispatching event message
2021-07-16 12:28:35,345:DEBUG:discord.http: POST https://discord.com/api/v7/channels/859725386576953364/messages with {"embed":{"thumbnail":{"url":"https://cdn.discordapp.com/attachments/807568994202025996/854995835154202644/lg-1.png"},"fields":[{"inline":true,"name":"Requested by","value":"Bram#2698"},{"inline":true,"name":"Latency","value":"246ms"}],"color":11405320,"type":"rich","description":"Ping request","title":"CartePvP | Info"}} has returned 200
2021-07-16 12:28:35,351:DEBUG:discord.http: POST https://discord.com/api/v7/channels/859725386576953364/messages has received {'id': '865540419667623936', 'type': 0, 'content': '', 'channel_id': '859725386576953364', 'author': {'id': '859421587193987123', 'username': 'Cartel', 'avatar': 'f73cb894a3f17efe1611195e9b0ac773', 'discriminator': '2892', 'public_flags': 0, 'bot': True}, 'attachments': [], 'embeds': [{'type': 'rich', 'title': 'CartePvP | Info', 'description': 'Ping request', 'color': 11405320, 'fields': [{'name': 'Requested by', 'value': 'Bram#2698', 'inline': True}, {'name': 'Latency', 'value': '246ms', 'inline': True}], 'thumbnail': {'url': 'https://cdn.discordapp.com/attachments/807568994202025996/854995835154202644/lg-1.png', 'proxy_url': 'https://media.discordapp.net/attachments/807568994202025996/854995835154202644/lg-1.png', 'width': 500, 'height': 500}}], 'mentions': [], 'mention_roles': [], 'pinned': False, 'mention_everyone': False, 'tts': False, 'timestamp': '2021-07-16T10:28:37.012000+00:00', 'edited_timestamp': None, 'flags': 0, 'components': [], 'referenced_message': None}
2021-07-16 12:28:35,351:DEBUG:discord.client: Dispatching event command_completion
2021-07-16 12:28:44,334:DEBUG:discord.gateway: Keeping shard ID None websocket alive with sequence 5.
2021-07-16 12:28:44,798:DEBUG:discord.client: Dispatching event socket_raw_receive
2021-07-16 12:28:44,798:DEBUG:discord.gateway: For Shard ID None: WebSocket Event: {'t': None, 's': None, 'op': 11, 'd': None}
2021-07-16 12:28:44,798:DEBUG:discord.client: Dispatching event socket_response
2021-07-16 12:29:25,590:DEBUG:discord.gateway: Keeping shard ID None websocket alive with sequence 5.
2021-07-16 12:29:25,963:DEBUG:discord.client: Dispatching event socket_raw_receive
2021-07-16 12:29:25,963:DEBUG:discord.gateway: For Shard ID None: WebSocket Event: {'t': None, 's': None, 'op': 11, 'd': None}
2021-07-16 12:29:25,963:DEBUG:discord.client: Dispatching event socket_response
2021-07-16 12:30:06,856:DEBUG:discord.gateway: Keeping shard ID None websocket alive with sequence 5.
2021-07-16 12:30:07,118:DEBUG:discord.client: Dispatching event socket_raw_receive
2021-07-16 12:30:07,118:DEBUG:discord.gateway: For Shard ID None: WebSocket Event: {'t': None, 's': None, 'op': 11, 'd': None}
2021-07-16 12:30:07,118:DEBUG:discord.client: Dispatching event socket_response
2021-07-16 12:30:48,119:DEBUG:discord.gateway: Keeping shard ID None websocket alive with sequence 5.
2021-07-16 12:30:48,296:DEBUG:discord.client: Dispatching event socket_raw_receive
2021-07-16 12:30:48,296:DEBUG:discord.gateway: For Shard ID None: WebSocket Event: {'t': None, 's': None, 'op': 11, 'd': None}
2021-07-16 12:30:48,296:DEBUG:discord.client: Dispatching event socket_response
2021-07-16 12:31:19,633:DEBUG:discord.client: Dispatching event socket_raw_receive
2021-07-16 12:31:19,633:DEBUG:discord.gateway: For Shard ID None: WebSocket Event: {'t': 'MESSAGE_CREATE', 's': 6, 'op': 0, 'd': {'type': 0, 'tts': False, 'timestamp': '2021-07-16T10:31:21.214000+00:00', 'referenced_message': None, 'pinned': False, 'nonce': '865541100146786304', 'mentions': [], 'mention_roles': [], 'mention_everyone': False, 'member': {'roles': [], 'mute': False, 'joined_at': '2021-06-29T13:11:24.534000+00:00', 'hoisted_role': None, 'deaf': False}, 'id': '865541108380729345', 'flags': 0, 'embeds': [], 'edited_timestamp': None, 'content': '?kick', 'components': [], 'channel_id': '859725386576953364', 'author': {'username': 'Bram', 'public_flags': 128, 'id': '574958028651233281', 'discriminator': '2698', 'avatar': '61791bfd3f12e81e75708d03dd2cc5fa'}, 'attachments': [], 'guild_id': '859420793892896798'}}
2021-07-16 12:31:19,634:DEBUG:discord.client: Dispatching event socket_response
2021-07-16 12:31:19,634:DEBUG:discord.client: Dispatching event message
2021-07-16 12:31:19,634:DEBUG:discord.client: Dispatching event command
2021-07-16 12:31:19,938:DEBUG:discord.http: DELETE https://discord.com/api/v7/channels/859725386576953364/messages/865541108380729345 with None has returned 204
2021-07-16 12:31:19,938:DEBUG:discord.http: DELETE https://discord.com/api/v7/channels/859725386576953364/messages/865541108380729345 has received 
2021-07-16 12:31:19,939:DEBUG:discord.client: Dispatching event socket_raw_receive
2021-07-16 12:31:19,939:DEBUG:discord.gateway: For Shard ID None: WebSocket Event: {'t': 'MESSAGE_DELETE', 's': 7, 'op': 0, 'd': {'id': '865541108380729345', 'channel_id': '859725386576953364', 'guild_id': '859420793892896798'}}
2021-07-16 12:31:19,939:DEBUG:discord.client: Dispatching event socket_response
2021-07-16 12:31:19,939:DEBUG:discord.client: Dispatching event raw_message_delete
2021-07-16 12:31:19,939:DEBUG:discord.client: Dispatching event message_delete
2021-07-16 12:31:20,246:DEBUG:discord.client: Dispatching event socket_raw_receive
2021-07-16 12:31:20,246:DEBUG:discord.gateway: For Shard ID None: WebSocket Event: {'t': 'MESSAGE_CREATE', 's': 8, 'op': 0, 'd': {'type': 0, 'tts': False, 'timestamp': '2021-07-16T10:31:21.890000+00:00', 'referenced_message': None, 'pinned': False, 'mentions': [], 'mention_roles': [], 'mention_everyone': False, 'member': {'roles': ['859422891485691965'], 'mute': False, 'joined_at': '2021-06-29T13:19:44.680000+00:00', 'hoisted_role': None, 'deaf': False}, 'id': '865541111217127444', 'flags': 0, 'embeds': [], 'edited_timestamp': None, 'content': 'You must specify a user', 'components': [], 'channel_id': '859725386576953364', 'author': {'username': 'Cartel', 'public_flags': 0, 'id': '859421587193987123', 'discriminator': '2892', 'bot': True, 'avatar': 'f73cb894a3f17efe1611195e9b0ac773'}, 'attachments': [], 'guild_id': '859420793892896798'}}
2021-07-16 12:31:20,246:DEBUG:discord.client: Dispatching event socket_response
2021-07-16 12:31:20,247:DEBUG:discord.client: Dispatching event message
2021-07-16 12:31:20,248:DEBUG:discord.http: POST https://discord.com/api/v7/channels/859725386576953364/messages with {"content":"You must specify a user"} has returned 200
2021-07-16 12:31:20,248:DEBUG:discord.http: POST https://discord.com/api/v7/channels/859725386576953364/messages has received {'id': '865541111217127444', 'type': 0, 'content': 'You must specify a user', 'channel_id': '859725386576953364', 'author': {'id': '859421587193987123', 'username': 'Cartel', 'avatar': 'f73cb894a3f17efe1611195e9b0ac773', 'discriminator': '2892', 'public_flags': 0, 'bot': True}, 'attachments': [], 'embeds': [], 'mentions': [], 'mention_roles': [], 'pinned': False, 'mention_everyone': False, 'tts': False, 'timestamp': '2021-07-16T10:31:21.890000+00:00', 'edited_timestamp': None, 'flags': 0, 'components': [], 'referenced_message': None}
2021-07-16 12:31:20,249:DEBUG:discord.client: Dispatching event command_completion
2021-07-16 12:31:29,371:DEBUG:discord.gateway: Keeping shard ID None websocket alive with sequence 8.
2021-07-16 12:31:29,767:DEBUG:discord.client: Dispatching event socket_raw_receive
2021-07-16 12:31:29,767:DEBUG:discord.gateway: For Shard ID None: WebSocket Event: {'t': None, 's': None, 'op': 11, 'd': None}
2021-07-16 12:31:29,767:DEBUG:discord.client: Dispatching event socket_response
